<?xml version="1.0" encoding="UTF-8"?>
<!-- Generated by org.testng.reporters.JUnitReportReporter -->
<testsuite hostname="DESKTOP-9AJBATL" name="com.EaseMyTripTest" tests="1" failures="0" timestamp="29 May 2019 17:29:45 GMT" time="38.830" errors="0">
  <testcase name="Booking" time="38.830" classname="com.EaseMyTripTest"/>
</testsuite> <!-- com.EaseMyTripTest -->
